[0mGET /assets/css/bootstrap.min.css [33m404 [0m353.813 ms - 1687[0m
[0mGET /assets/css/signin.css [33m404 [0m380.031 ms - 1687[0m
[0mGET /assets/js/ie-emulation-modes-warning.js [33m404 [0m389.542 ms - 1687[0m
[0mGET /assets/js/ie10-viewport-bug-workaround.js [33m404 [0m63.882 ms - 1687[0m
[0mGET /assets/css/bootstrap.min.css [33m404 [0m9.890 ms - 1687[0m
[0mGET /assets/css/signin.css [33m404 [0m18.189 ms - 1687[0m
[0mGET /assets/css/bootstrap.min.css [33m404 [0m11.648 ms - 1687[0m
[0mGET /assets/css/signin.css [33m404 [0m23.241 ms - 1687[0m
[0mGET /assets/js/ie-emulation-modes-warning.js [33m404 [0m38.249 ms - 1687[0m
[0mGET /assets/js/ie10-viewport-bug-workaround.js [33m404 [0m76.785 ms - 1687[0m
[0mGET /css/signin.css [32m200 [0m6.509 ms - 793[0m
[0mGET /favicon.ico [33m404 [0m10.833 ms - 1687[0m
[0mGET //css/signin.css [32m200 [0m4.987 ms - 793[0m
[0mGET //js/ie-emulation-modes-warning.js [32m200 [0m5.393 ms - 2132[0m
[0mGET //js/ie10-viewport-bug-workaround.js [32m200 [0m5.385 ms - 694[0m
[0mGET //css/bootstrap.min.css [32m200 [0m17.656 ms - 117305[0m
[0mGET //css/bootstrap.min.css [36m304 [0m2.883 ms - -[0m
[0mGET //js/ie-emulation-modes-warning.js [36m304 [0m3.079 ms - -[0m
[0mGET //js/holder.js [32m200 [0m5.711 ms - 23861[0m
[0mGET //js/bootstrap.min.js [32m200 [0m6.505 ms - 35951[0m
[0mGET //css/dashboard.css [32m200 [0m7.747 ms - 1557[0m
[0mGET //js/ie10-viewport-bug-workaround.js [36m304 [0m3.069 ms - -[0m
[0mGET //js/jquery-1.11.3.min.js [32m200 [0m12.149 ms - 95957[0m
[0mGET //css/bootstrap.min.css [36m304 [0m2.794 ms - -[0m
[0mGET //css/dashboard.css [36m304 [0m3.339 ms - -[0m
[0mGET //js/ie-emulation-modes-warning.js [36m304 [0m3.531 ms - -[0m
[0mGET //js/jquery-1.11.3.min.js [36m304 [0m3.561 ms - -[0m
[0mGET //js/bootstrap.min.js [36m304 [0m3.482 ms - -[0m
[0mGET //js/holder.js [36m304 [0m3.642 ms - -[0m
[0mGET //js/ie10-viewport-bug-workaround.js [36m304 [0m0.857 ms - -[0m
[0mGET //css/bootstrap.min.css [36m304 [0m5.850 ms - -[0m
[0mGET //css/dashboard.css [36m304 [0m5.951 ms - -[0m
[0mGET //js/ie-emulation-modes-warning.js [36m304 [0m4.594 ms - -[0m
[0mGET //js/jquery-1.11.3.min.js [36m304 [0m4.680 ms - -[0m
[0mGET //js/bootstrap.min.js [36m304 [0m4.605 ms - -[0m
[0mGET //js/holder.js [36m304 [0m4.282 ms - -[0m
[0mGET //js/ie10-viewport-bug-workaround.js [36m304 [0m2.437 ms - -[0m
[0mGET //css/bootstrap.min.css [36m304 [0m5.178 ms - -[0m
[0mGET //css/dashboard.css [36m304 [0m5.853 ms - -[0m
[0mGET //js/ie-emulation-modes-warning.js [36m304 [0m6.195 ms - -[0m
[0mGET //js/jquery-1.11.3.min.js [36m304 [0m5.912 ms - -[0m
[0mGET //js/bootstrap.min.js [36m304 [0m5.693 ms - -[0m
[0mGET //js/holder.js [36m304 [0m5.453 ms - -[0m
[0mGET //js/ie10-viewport-bug-workaround.js [36m304 [0m0.753 ms - -[0m
[0mGET //css/bootstrap.min.css [36m304 [0m4.990 ms - -[0m
[0mGET //css/dashboard.css [36m304 [0m4.141 ms - -[0m
[0mGET //js/ie-emulation-modes-warning.js [36m304 [0m3.615 ms - -[0m
[0mGET //js/jquery-1.11.3.min.js [36m304 [0m3.387 ms - -[0m
[0mGET //js/bootstrap.min.js [36m304 [0m3.215 ms - -[0m
[0mGET //js/holder.js [36m304 [0m3.219 ms - -[0m
[0mGET //js/ie10-viewport-bug-workaround.js [36m304 [0m0.823 ms - -[0m
[0mGET //css/bootstrap.min.css [36m304 [0m3.103 ms - -[0m
[0mGET //css/dashboard.css [36m304 [0m3.029 ms - -[0m
[0mGET //js/ie-emulation-modes-warning.js [36m304 [0m2.991 ms - -[0m
[0mGET //js/jquery-1.11.3.min.js [36m304 [0m2.926 ms - -[0m
[0mGET //js/bootstrap.min.js [36m304 [0m2.950 ms - -[0m
[0mGET //js/holder.js [36m304 [0m3.030 ms - -[0m
[0mGET //js/ie10-viewport-bug-workaround.js [36m304 [0m0.766 ms - -[0m
[0mGET //css/bootstrap.min.css [36m304 [0m5.039 ms - -[0m
[0mGET //css/dashboard.css [36m304 [0m4.599 ms - -[0m
[0mGET //js/ie-emulation-modes-warning.js [36m304 [0m3.941 ms - -[0m
[0mGET //js/jquery-1.11.3.min.js [36m304 [0m3.789 ms - -[0m
[0mGET //js/bootstrap.min.js [36m304 [0m3.622 ms - -[0m
[0mGET //js/holder.js [36m304 [0m3.502 ms - -[0m
[0mGET //js/ie10-viewport-bug-workaround.js [36m304 [0m1.453 ms - -[0m
[0mGET //css/bootstrap.min.css [36m304 [0m6.237 ms - -[0m
[0mGET //css/dashboard.css [36m304 [0m6.681 ms - -[0m
[0mGET //js/ie-emulation-modes-warning.js [36m304 [0m4.863 ms - -[0m
[0mGET //js/jquery-1.11.3.min.js [36m304 [0m4.969 ms - -[0m
[0mGET //js/bootstrap.min.js [36m304 [0m5.360 ms - -[0m
[0mGET //js/holder.js [36m304 [0m5.531 ms - -[0m
[0mGET //js/ie10-viewport-bug-workaround.js [36m304 [0m3.647 ms - -[0m
[0mGET //css/bootstrap.min.css [36m304 [0m2.429 ms - -[0m
[0mGET //css/dashboard.css [36m304 [0m2.394 ms - -[0m
[0mGET //js/ie-emulation-modes-warning.js [36m304 [0m2.625 ms - -[0m
[0mGET //js/jquery-1.11.3.min.js [36m304 [0m2.637 ms - -[0m
[0mGET //js/bootstrap.min.js [36m304 [0m2.545 ms - -[0m
[0mGET //js/holder.js [36m304 [0m2.505 ms - -[0m
[0mGET //js/ie10-viewport-bug-workaround.js [36m304 [0m0.602 ms - -[0m
[0mGET //css/bootstrap.min.css [36m304 [0m3.872 ms - -[0m
[0mGET //css/dashboard.css [36m304 [0m4.996 ms - -[0m
[0mGET //js/ie-emulation-modes-warning.js [36m304 [0m5.505 ms - -[0m
[0mGET //js/jquery-1.11.3.min.js [36m304 [0m5.860 ms - -[0m
[0mGET //js/bootstrap.min.js [36m304 [0m6.101 ms - -[0m
[0mGET //js/holder.js [36m304 [0m6.335 ms - -[0m
[0mGET //js/ie10-viewport-bug-workaround.js [36m304 [0m1.398 ms - -[0m
[0mGET //css/bootstrap.min.css [36m304 [0m2.373 ms - -[0m
[0mGET //css/dashboard.css [36m304 [0m2.328 ms - -[0m
[0mGET //js/ie-emulation-modes-warning.js [36m304 [0m2.382 ms - -[0m
[0mGET //js/jquery-1.11.3.min.js [36m304 [0m2.439 ms - -[0m
[0mGET //js/bootstrap.min.js [36m304 [0m2.349 ms - -[0m
[0mGET //js/holder.js [36m304 [0m2.334 ms - -[0m
[0mGET //js/ie10-viewport-bug-workaround.js [36m304 [0m0.759 ms - -[0m
[0mGET //css/bootstrap.min.css [36m304 [0m2.839 ms - -[0m
[0mGET //css/dashboard.css [36m304 [0m2.804 ms - -[0m
[0mGET //js/ie-emulation-modes-warning.js [36m304 [0m2.648 ms - -[0m
[0mGET //js/jquery-1.11.3.min.js [36m304 [0m2.404 ms - -[0m
[0mGET //js/bootstrap.min.js [36m304 [0m2.190 ms - -[0m
[0mGET //js/holder.js [36m304 [0m1.992 ms - -[0m
[0mGET //js/ie10-viewport-bug-workaround.js [36m304 [0m0.587 ms - -[0m
[0mGET //css/bootstrap.min.css [36m304 [0m3.040 ms - -[0m
[0mGET //css/dashboard.css [36m304 [0m3.038 ms - -[0m
[0mGET //js/ie-emulation-modes-warning.js [36m304 [0m3.143 ms - -[0m
[0mGET //js/jquery-1.11.3.min.js [36m304 [0m3.211 ms - -[0m
[0mGET //js/bootstrap.min.js [36m304 [0m3.390 ms - -[0m
[0mGET //js/holder.js [36m304 [0m3.572 ms - -[0m
[0mGET //js/ie10-viewport-bug-workaround.js [36m304 [0m2.134 ms - -[0m
[0mGET //developer/css/jqModal.css [32m200 [0m7.892 ms - 6612[0m
[0mGET //developer/css/common.css [32m200 [0m8.156 ms - 1350[0m
[0mGET //developer/js/pv_count.js [32m200 [0m7.154 ms - 419[0m
[0mGET //developer/css/frame.css [32m200 [0m8.614 ms - 1997[0m
[0mGET //developer/css/page.css [32m200 [0m11.793 ms - 27000[0m
[0mGET //developer/css/style.css [32m200 [0m11.798 ms - 37204[0m
[0mGET //developer/css/index_style.css [32m200 [0m4.025 ms - 9880[0m
[0mGET //developer/js/jquery-1.5.2.min.js [32m200 [0m10.274 ms - 128708[0m
[0mGET //developer/js/tab.js [32m200 [0m7.546 ms - 747[0m
[0mGET //developer/js/Impromptu.js [32m200 [0m4.078 ms - 11151[0m
[0mGET //developer/js/jqModal.js [32m200 [0m5.630 ms - 5305[0m
[0mGET //developer/js/main.js [32m200 [0m6.611 ms - 2795[0m
[0mGET //developer/img/logo.png [32m200 [0m4.680 ms - 54573[0m
[0mGET //developer/images/xiugaijiage.gif [32m200 [0m4.559 ms - 2663[0m
[0mGET //developer/images/xiugaizhifu.gif [32m200 [0m3.653 ms - 3170[0m
[0mGET //developer/images/my-app-bg.gif [32m200 [0m3.072 ms - 1174[0m
[0mGET //developer/images/qqkf.jpg [32m200 [0m3.936 ms - 5207[0m
[0mGET //developer/images/icon-2.gif [32m200 [0m3.327 ms - 2253[0m
[0mGET //developer/images/consult-new.png [32m200 [0m2.150 ms - 3871[0m
[0mGET //developer/css/jqModal.css [36m304 [0m1.921 ms - -[0m
[0mGET //developer/css/common.css [36m304 [0m13.972 ms - -[0m
[0mGET //developer/css/frame.css [36m304 [0m14.770 ms - -[0m
[0mGET //developer/css/page.css [36m304 [0m15.060 ms - -[0m
[0mGET //developer/css/style.css [36m304 [0m14.773 ms - -[0m
[0mGET //developer/js/pv_count.js [36m304 [0m11.292 ms - -[0m
[0mGET //developer/css/index_style.css [36m304 [0m6.341 ms - -[0m
[0mGET //developer/js/jquery-1.5.2.min.js [36m304 [0m3.567 ms - -[0m
[0mGET //developer/js/tab.js [36m304 [0m3.953 ms - -[0m
[0mGET //developer/js/main.js [36m304 [0m3.550 ms - -[0m
[0mGET //developer/js/jqModal.js [36m304 [0m3.692 ms - -[0m
[0mGET //developer/js/Impromptu.js [36m304 [0m3.822 ms - -[0m
[0mGET //developer/img/logo.png [36m304 [0m2.258 ms - -[0m
[0mGET //developer/images/qqkf.jpg [36m304 [0m0.943 ms - -[0m
[0mGET //developer/images/loading.gif [32m200 [0m3.090 ms - 10819[0m
[0mGET //developer/css/jqModal.css [36m304 [0m3.854 ms - -[0m
[0mGET //developer/css/common.css [36m304 [0m7.504 ms - -[0m
[0mGET //developer/css/frame.css [36m304 [0m9.489 ms - -[0m
[0mGET //developer/css/page.css [36m304 [0m10.127 ms - -[0m
[0mGET //developer/css/style.css [36m304 [0m10.192 ms - -[0m
[0mGET //developer/js/pv_count.js [36m304 [0m9.714 ms - -[0m
[0mGET //developer/css/index_style.css [36m304 [0m3.245 ms - -[0m
[0mGET //developer/js/tab.js [36m304 [0m2.645 ms - -[0m
[0mGET //developer/js/jquery-1.5.2.min.js [36m304 [0m3.452 ms - -[0m
[0mGET //developer/js/main.js [36m304 [0m1.956 ms - -[0m
[0mGET //developer/js/jqModal.js [36m304 [0m1.977 ms - -[0m
[0mGET //developer/js/Impromptu.js [36m304 [0m1.962 ms - -[0m
[0mGET //developer/img/logo.png [36m304 [0m3.367 ms - -[0m
[0mGET //developer/images/xiugaijiage.gif [36m304 [0m3.723 ms - -[0m
[0mGET //developer/images/xiugaizhifu.gif [36m304 [0m4.133 ms - -[0m
[0mGET //developer/images/qqkf.jpg [36m304 [0m3.497 ms - -[0m
[0mGET //developer/css/jqModal.css [36m304 [0m0.874 ms - -[0m
[0mGET //developer/css/common.css [36m304 [0m4.288 ms - -[0m
[0mGET //developer/css/frame.css [36m304 [0m4.343 ms - -[0m
[0mGET //developer/css/page.css [36m304 [0m4.250 ms - -[0m
[0mGET //developer/css/style.css [36m304 [0m3.843 ms - -[0m
[0mGET //developer/js/pv_count.js [36m304 [0m4.001 ms - -[0m
[0mGET //developer/css/index_style.css [36m304 [0m4.072 ms - -[0m
[0mGET //developer/js/jquery-1.5.2.min.js [36m304 [0m3.708 ms - -[0m
[0mGET //developer/js/tab.js [36m304 [0m3.684 ms - -[0m
[0mGET //developer/js/main.js [36m304 [0m3.916 ms - -[0m
[0mGET //developer/js/jqModal.js [36m304 [0m3.907 ms - -[0m
[0mGET //developer/js/Impromptu.js [36m304 [0m4.315 ms - -[0m
[0mGET //developer/img/logo.png [36m304 [0m4.506 ms - -[0m
[0mGET //developer/images/loading.gif [36m304 [0m1.099 ms - -[0m
[0mGET //developer/images/qqkf.jpg [36m304 [0m2.616 ms - -[0m
[0mGET //developer/css/jqModal.css [36m304 [0m0.672 ms - -[0m
[0mGET //developer/css/common.css [36m304 [0m3.042 ms - -[0m
[0mGET //developer/css/frame.css [36m304 [0m4.110 ms - -[0m
[0mGET //developer/css/page.css [36m304 [0m5.282 ms - -[0m
[0mGET //developer/css/style.css [36m304 [0m5.438 ms - -[0m
[0mGET //developer/js/pv_count.js [36m304 [0m5.146 ms - -[0m
[0mGET //developer/css/index_style.css [36m304 [0m2.717 ms - -[0m
[0mGET //developer/js/jquery-1.5.2.min.js [36m304 [0m1.479 ms - -[0m
[0mGET //developer/js/tab.js [36m304 [0m1.395 ms - -[0m
[0mGET //developer/js/main.js [36m304 [0m2.167 ms - -[0m
[0mGET //developer/js/jqModal.js [36m304 [0m2.117 ms - -[0m
[0mGET //developer/js/Impromptu.js [36m304 [0m2.244 ms - -[0m
[0mGET //developer/img/logo.png [36m304 [0m9.699 ms - -[0m
[0mGET //developer/images/loading.gif [36m304 [0m8.852 ms - -[0m
[0mGET //developer/images/qqkf.jpg [36m304 [0m6.949 ms - -[0m
[0mGET //developer/css/jqModal.css [36m304 [0m0.964 ms - -[0m
[0mGET //developer/css/common.css [36m304 [0m3.898 ms - -[0m
[0mGET //developer/css/frame.css [36m304 [0m4.235 ms - -[0m
[0mGET //developer/css/page.css [36m304 [0m4.762 ms - -[0m
[0mGET //developer/css/style.css [36m304 [0m5.108 ms - -[0m
[0mGET //developer/js/pv_count.js [36m304 [0m5.642 ms - -[0m
[0mGET //developer/css/index_style.css [36m304 [0m4.834 ms - -[0m
[0mGET //developer/js/jquery-1.5.2.min.js [36m304 [0m1.819 ms - -[0m
[0mGET //developer/js/tab.js [36m304 [0m14.090 ms - -[0m
[0mGET //developer/js/main.js [36m304 [0m18.332 ms - -[0m
[0mGET //developer/js/jqModal.js [36m304 [0m18.772 ms - -[0m
[0mGET //developer/js/Impromptu.js [36m304 [0m21.699 ms - -[0m
[0mGET //developer/img/logo.png [36m304 [0m15.625 ms - -[0m
[0mGET //developer/images/loading.gif [36m304 [0m11.707 ms - -[0m
[0mGET //developer/images/qqkf.jpg [36m304 [0m1.540 ms - -[0m
[0mGET //developer/css/jqModal.css [36m304 [0m4.169 ms - -[0m
[0mGET //developer/css/common.css [36m304 [0m4.127 ms - -[0m
[0mGET //developer/css/frame.css [36m304 [0m4.010 ms - -[0m
[0mGET //developer/css/page.css [36m304 [0m4.956 ms - -[0m
[0mGET //developer/css/style.css [36m304 [0m5.336 ms - -[0m
[0mGET //developer/js/pv_count.js [36m304 [0m4.639 ms - -[0m
[0mGET //developer/css/index_style.css [36m304 [0m2.568 ms - -[0m
[0mGET //developer/js/jquery-1.5.2.min.js [36m304 [0m2.530 ms - -[0m
[0mGET //developer/js/tab.js [36m304 [0m3.199 ms - -[0m
[0mGET //developer/js/main.js [36m304 [0m10.544 ms - -[0m
[0mGET //developer/js/jqModal.js [36m304 [0m10.573 ms - -[0m
[0mGET //developer/js/Impromptu.js [36m304 [0m9.796 ms - -[0m
[0mGET //developer/img/logo.png [36m304 [0m0.834 ms - -[0m
[0mGET //developer/images/loading.gif [36m304 [0m0.907 ms - -[0m
[0mGET //developer/images/qqkf.jpg [36m304 [0m2.325 ms - -[0m
[0mGET //developer/css/jqModal.css [36m304 [0m1.006 ms - -[0m
[0mGET //developer/css/common.css [36m304 [0m5.262 ms - -[0m
[0mGET //developer/css/frame.css [36m304 [0m5.225 ms - -[0m
[0mGET //developer/css/page.css [36m304 [0m5.938 ms - -[0m
[0mGET //developer/css/style.css [36m304 [0m6.095 ms - -[0m
[0mGET //developer/js/pv_count.js [36m304 [0m6.576 ms - -[0m
[0mGET //developer/css/index_style.css [36m304 [0m5.245 ms - -[0m
[0mGET //developer/js/jquery-1.5.2.min.js [36m304 [0m2.389 ms - -[0m
[0mGET //developer/js/tab.js [36m304 [0m1.163 ms - -[0m
[0mGET //developer/js/main.js [36m304 [0m0.899 ms - -[0m
[0mGET //developer/js/jqModal.js [36m304 [0m1.410 ms - -[0m
[0mGET //developer/js/Impromptu.js [36m304 [0m2.052 ms - -[0m
[0mGET //developer/img/logo.png [36m304 [0m1.545 ms - -[0m
[0mGET //developer/images/loading.gif [36m304 [0m1.592 ms - -[0m
[0mGET //developer/images/qqkf.jpg [36m304 [0m1.717 ms - -[0m
[0mGET //developer/css/jqModal.css [36m304 [0m4.625 ms - -[0m
[0mGET //developer/css/common.css [36m304 [0m4.589 ms - -[0m
[0mGET //developer/css/frame.css [36m304 [0m4.519 ms - -[0m
[0mGET //developer/css/page.css [36m304 [0m4.516 ms - -[0m
[0mGET //developer/css/style.css [36m304 [0m4.462 ms - -[0m
[0mGET //developer/js/pv_count.js [36m304 [0m4.664 ms - -[0m
[0mGET //developer/css/index_style.css [36m304 [0m0.935 ms - -[0m
[0mGET //developer/js/jquery-1.5.2.min.js [36m304 [0m5.306 ms - -[0m
[0mGET //developer/js/tab.js [36m304 [0m5.489 ms - -[0m
[0mGET //developer/js/main.js [36m304 [0m1.555 ms - -[0m
[0mGET //developer/js/jqModal.js [36m304 [0m1.943 ms - -[0m
[0mGET //developer/js/Impromptu.js [36m304 [0m2.342 ms - -[0m
[0mGET //developer/img/logo.png [36m304 [0m0.994 ms - -[0m
[0mGET //developer/images/loading.gif [36m304 [0m1.260 ms - -[0m
[0mGET //developer/images/qqkf.jpg [36m304 [0m0.900 ms - -[0m
[0mGET //developer/css/jqModal.css [36m304 [0m2.398 ms - -[0m
[0mGET //developer/css/common.css [36m304 [0m2.347 ms - -[0m
[0mGET //developer/css/page.css [36m304 [0m2.592 ms - -[0m
[0mGET //developer/css/style.css [36m304 [0m2.616 ms - -[0m
[0mGET //developer/js/pv_count.js [36m304 [0m2.640 ms - -[0m
[0mGET //developer/css/index_style.css [36m304 [0m2.711 ms - -[0m
[0mGET //developer/css/frame.css [36m304 [0m0.758 ms - -[0m
[0mGET //developer/js/jquery-1.5.2.min.js [36m304 [0m2.048 ms - -[0m
[0mGET //developer/js/tab.js [36m304 [0m3.894 ms - -[0m
[0mGET //developer/js/main.js [36m304 [0m4.030 ms - -[0m
[0mGET //developer/js/jqModal.js [36m304 [0m2.984 ms - -[0m
[0mGET //developer/js/Impromptu.js [36m304 [0m2.822 ms - -[0m
[0mGET //developer/img/logo.png [36m304 [0m15.485 ms - -[0m
[0mGET //developer/images/loading.gif [36m304 [0m15.478 ms - -[0m
[0mGET //developer/images/qqkf.jpg [36m304 [0m7.028 ms - -[0m
[0mGET //developer/css/jqModal.css [36m304 [0m0.626 ms - -[0m
[0mGET //developer/css/common.css [36m304 [0m1.982 ms - -[0m
[0mGET //developer/css/frame.css [36m304 [0m2.048 ms - -[0m
[0mGET //developer/css/page.css [36m304 [0m2.521 ms - -[0m
[0mGET //developer/css/style.css [36m304 [0m2.525 ms - -[0m
[0mGET //developer/js/pv_count.js [36m304 [0m1.814 ms - -[0m
[0mGET //developer/css/index_style.css [36m304 [0m1.058 ms - -[0m
[0mGET //developer/js/jquery-1.5.2.min.js [36m304 [0m2.660 ms - -[0m
[0mGET //developer/js/tab.js [36m304 [0m0.737 ms - -[0m
[0mGET //developer/js/main.js [36m304 [0m1.125 ms - -[0m
[0mGET //developer/js/jqModal.js [36m304 [0m1.467 ms - -[0m
[0mGET //developer/js/Impromptu.js [36m304 [0m1.070 ms - -[0m
[0mGET //developer/img/logo.png [36m304 [0m3.882 ms - -[0m
[0mGET //developer/images/loading.gif [36m304 [0m2.848 ms - -[0m
[0mGET //developer/images/qqkf.jpg [36m304 [0m2.604 ms - -[0m
[0mGET //developer/css/jqModal.css [36m304 [0m4.266 ms - -[0m
[0mGET //developer/css/common.css [36m304 [0m4.013 ms - -[0m
[0mGET //developer/css/frame.css [36m304 [0m4.188 ms - -[0m
[0mGET //developer/css/page.css [36m304 [0m4.262 ms - -[0m
[0mGET //developer/css/style.css [36m304 [0m4.210 ms - -[0m
[0mGET //developer/css/index_style.css [36m304 [0m4.124 ms - -[0m
[0mGET //developer/js/pv_count.js [36m304 [0m2.152 ms - -[0m
[0mGET //developer/js/jquery-1.5.2.min.js [36m304 [0m2.160 ms - -[0m
[0mGET //developer/js/tab.js [36m304 [0m2.138 ms - -[0m
[0mGET //developer/js/main.js [36m304 [0m2.166 ms - -[0m
[0mGET //developer/js/jqModal.js [36m304 [0m1.145 ms - -[0m
[0mGET //developer/js/Impromptu.js [36m304 [0m1.170 ms - -[0m
[0mGET //developer/img/logo.png [36m304 [0m3.075 ms - -[0m
[0mGET //developer/images/xiugaijiage.gif [36m304 [0m2.647 ms - -[0m
[0mGET //developer/images/xiugaizhifu.gif [36m304 [0m2.040 ms - -[0m
[0mGET //developer/images/qqkf.jpg [36m304 [0m1.675 ms - -[0m
